02:51:08.449 INFO  [background-preinit] [Version.java-<clinit>-21] HV000001: Hibernate Validator 8.0.2.Final
02:51:08.485 INFO  [restartedMain] [StartupInfoLogger.java-logStarting-53] Starting SupportershighUserBackendApplication using Java 24.0.1 with PID 22800 (E:\Development\BackEnd\fillo-user-backend\out\production\classes started by user in E:\Development\BackEnd\fillo-user-backend)
02:51:08.485 INFO  [restartedMain] [SpringApplication.java-logStartupProfileInfo-652] No active profile set, falling back to 1 default profile: "default"
02:51:08.513 INFO  [restartedMain] [DeferredLog.java-logTo-252] Devtools property defaults active! Set 'spring.devtools.add-properties' to 'false' to disable
02:51:08.513 INFO  [restartedMain] [DeferredLog.java-logTo-252] For additional web related logging consider setting the 'logging.level.web' property to 'DEBUG'
02:51:08.953 INFO  [restartedMain] [RepositoryConfigurationDelegate.java-multipleStoresDetected-294] Multiple Spring Data modules found, entering strict repository configuration mode
02:51:08.954 INFO  [restartedMain] [RepositoryConfigurationDelegate.java-registerRepositoriesIn-145] Bootstrapping Spring Data JDBC repositories in DEFAULT mode.
02:51:08.980 INFO  [restartedMain] [RepositoryConfigurationExtensionSupport.java-isStrictRepositoryCandidate-327] Spring Data JDBC - Could not safely identify store assignment for repository candidate interface sh.user.supportershighuserbackend.jwt.repository.JwtTokenRepository; If you want this repository to be a JDBC repository, consider annotating your entities with one of these annotations: org.springframework.data.relational.core.mapping.Table.
02:51:09.031 INFO  [restartedMain] [RepositoryConfigurationExtensionSupport.java-isStrictRepositoryCandidate-327] Spring Data JDBC - Could not safely identify store assignment for repository candidate interface sh.user.supportershighuserbackend.media.repository.MediaRepository; If you want this repository to be a JDBC repository, consider annotating your entities with one of these annotations: org.springframework.data.relational.core.mapping.Table.
02:51:09.044 INFO  [restartedMain] [RepositoryConfigurationDelegate.java-registerRepositoriesIn-213] Finished Spring Data repository scanning in 86 ms. Found 3 JDBC repository interfaces.
02:51:09.050 INFO  [restartedMain] [RepositoryConfigurationDelegate.java-multipleStoresDetected-294] Multiple Spring Data modules found, entering strict repository configuration mode
02:51:09.050 INFO  [restartedMain] [RepositoryConfigurationDelegate.java-registerRepositoriesIn-145] Bootstrapping Spring Data JPA repositories in DEFAULT mode.
02:51:09.063 INFO  [restartedMain] [DefaultListableBeanFactory.java-logBeanDefinitionOverriding-1334] Overriding bean definition for bean 'teamRepository' with a different definition: replacing [Root bean: class=org.springframework.data.jdbc.repository.support.JdbcRepositoryFactoryBean; scope=; abstract=false; lazyInit=false; autowireMode=0; dependencyCheck=0; autowireCandidate=true; primary=false; fallback=false; factoryBeanName=null; factoryMethodName=null; initMethodNames=null; destroyMethodNames=null; defined in sh.user.supportershighuserbackend.team.repository.TeamRepository defined in @EnableJdbcRepositories declared on JdbcRepositoriesRegistrar.EnableJdbcRepositoriesConfiguration] with [Root bean: class=org.springframework.data.jpa.repository.support.JpaRepositoryFactoryBean; scope=; abstract=false; lazyInit=false; autowireMode=0; dependencyCheck=0; autowireCandidate=true; primary=false; fallback=false; factoryBeanName=null; factoryMethodName=null; initMethodNames=null; destroyMethodNames=null; defined in sh.user.supportershighuserbackend.team.repository.TeamRepository defined in @EnableJpaRepositories declared on JpaRepositoriesRegistrar.EnableJpaRepositoriesConfiguration]
02:51:09.063 INFO  [restartedMain] [DefaultListableBeanFactory.java-logBeanDefinitionOverriding-1334] Overriding bean definition for bean 'leagueRepository' with a different definition: replacing [Root bean: class=org.springframework.data.jdbc.repository.support.JdbcRepositoryFactoryBean; scope=; abstract=false; lazyInit=false; autowireMode=0; dependencyCheck=0; autowireCandidate=true; primary=false; fallback=false; factoryBeanName=null; factoryMethodName=null; initMethodNames=null; destroyMethodNames=null; defined in sh.user.supportershighuserbackend.league.repository.LeagueRepository defined in @EnableJdbcRepositories declared on JdbcRepositoriesRegistrar.EnableJdbcRepositoriesConfiguration] with [Root bean: class=org.springframework.data.jpa.repository.support.JpaRepositoryFactoryBean; scope=; abstract=false; lazyInit=false; autowireMode=0; dependencyCheck=0; autowireCandidate=true; primary=false; fallback=false; factoryBeanName=null; factoryMethodName=null; initMethodNames=null; destroyMethodNames=null; defined in sh.user.supportershighuserbackend.league.repository.LeagueRepository defined in @EnableJpaRepositories declared on JpaRepositoriesRegistrar.EnableJpaRepositoriesConfiguration]
02:51:09.064 INFO  [restartedMain] [DefaultListableBeanFactory.java-logBeanDefinitionOverriding-1334] Overriding bean definition for bean 'memberRepository' with a different definition: replacing [Root bean: class=org.springframework.data.jdbc.repository.support.JdbcRepositoryFactoryBean; scope=; abstract=false; lazyInit=false; autowireMode=0; dependencyCheck=0; autowireCandidate=true; primary=false; fallback=false; factoryBeanName=null; factoryMethodName=null; initMethodNames=null; destroyMethodNames=null; defined in sh.user.supportershighuserbackend.member.repository.MemberRepository defined in @EnableJdbcRepositories declared on JdbcRepositoriesRegistrar.EnableJdbcRepositoriesConfiguration] with [Root bean: class=org.springframework.data.jpa.repository.support.JpaRepositoryFactoryBean; scope=; abstract=false; lazyInit=false; autowireMode=0; dependencyCheck=0; autowireCandidate=true; primary=false; fallback=false; factoryBeanName=null; factoryMethodName=null; initMethodNames=null; destroyMethodNames=null; defined in sh.user.supportershighuserbackend.member.repository.MemberRepository defined in @EnableJpaRepositories declared on JpaRepositoriesRegistrar.EnableJpaRepositoriesConfiguration]
02:51:09.064 INFO  [restartedMain] [RepositoryConfigurationDelegate.java-registerRepositoriesIn-213] Finished Spring Data repository scanning in 12 ms. Found 5 JPA repository interfaces.
02:51:09.494 INFO  [restartedMain] [TomcatWebServer.java-initialize-111] Tomcat initialized with port 8093 (http)
02:51:09.501 INFO  [restartedMain] [DirectJDKLog.java-log-168] Initializing ProtocolHandler ["http-nio-8093"]
02:51:09.502 INFO  [restartedMain] [DirectJDKLog.java-log-168] Starting service [Tomcat]
02:51:09.502 INFO  [restartedMain] [DirectJDKLog.java-log-168] Starting Servlet engine: [Apache Tomcat/10.1.43]
02:51:09.532 INFO  [restartedMain] [DirectJDKLog.java-log-168] Initializing Spring embedded WebApplicationContext
02:51:09.532 INFO  [restartedMain] [ServletWebServerApplicationContext.java-prepareWebApplicationContext-301] Root WebApplicationContext: initialization completed in 1019 ms
02:51:09.635 INFO  [restartedMain] [LogHelper.java-logPersistenceUnitInformation-31] HHH000204: Processing PersistenceUnitInfo [name: default]
02:51:09.663 INFO  [restartedMain] [Version.java-logVersion-44] HHH000412: Hibernate ORM core version 6.6.22.Final
02:51:09.683 INFO  [restartedMain] [RegionFactoryInitiator.java-initiateService-50] HHH000026: Second-level cache disabled
02:51:09.858 INFO  [restartedMain] [SpringPersistenceUnitInfo.java-addTransformer-87] No LoadTimeWeaver setup: ignoring JPA class transformer
02:51:09.876 WARN  [restartedMain] [HikariConfig.java-validateNumerics-1109] HikariPool-1 - keepaliveTime is greater than or equal to maxLifetime, disabling it.
02:51:09.876 INFO  [restartedMain] [HikariDataSource.java-getConnection-109] HikariPool-1 - Starting...
02:51:10.135 INFO  [restartedMain] [HikariPool.java-checkFailFast-580] HikariPool-1 - Added connection com.mysql.cj.jdbc.ConnectionImpl@30b86d
02:51:10.136 INFO  [restartedMain] [HikariDataSource.java-getConnection-122] HikariPool-1 - Start completed.
02:51:10.175 INFO  [restartedMain] [JdbcEnvironmentInitiator.java-logConnectionInfo-163] HHH10001005: Database info:
	Database JDBC URL [Connecting through datasource 'HikariDataSource (HikariPool-1)']
	Database driver: undefined/unknown
	Database version: 8.0.34
	Autocommit mode: undefined/unknown
	Isolation level: undefined/unknown
	Minimum pool size: undefined/unknown
	Maximum pool size: undefined/unknown
02:51:10.179 DEBUG [restartedMain] [DdlTypeRegistry.java-addDescriptor-64] addDescriptor(12, org.hibernate.type.descriptor.sql.internal.CapacityDependentDdlType@43f42347) replaced previous registration(org.hibernate.type.descriptor.sql.internal.CapacityDependentDdlType@40433fb0)
02:51:10.179 DEBUG [restartedMain] [DdlTypeRegistry.java-addDescriptor-64] addDescriptor(-9, org.hibernate.type.descriptor.sql.internal.CapacityDependentDdlType@4c6fe95) replaced previous registration(org.hibernate.type.descriptor.sql.internal.CapacityDependentDdlType@12c0ee0c)
02:51:10.179 DEBUG [restartedMain] [DdlTypeRegistry.java-addDescriptor-64] addDescriptor(-3, org.hibernate.type.descriptor.sql.internal.CapacityDependentDdlType@704c1908) replaced previous registration(org.hibernate.type.descriptor.sql.internal.CapacityDependentDdlType@292b160e)
02:51:10.179 DEBUG [restartedMain] [DdlTypeRegistry.java-addDescriptor-64] addDescriptor(4003, org.hibernate.type.descriptor.sql.internal.DdlTypeImpl@1aaa67e8) replaced previous registration(org.hibernate.type.descriptor.sql.internal.DdlTypeImpl@f0f5a3f)
02:51:10.179 DEBUG [restartedMain] [DdlTypeRegistry.java-addDescriptor-64] addDescriptor(4001, org.hibernate.type.descriptor.sql.internal.DdlTypeImpl@1f9b868f) replaced previous registration(org.hibernate.type.descriptor.sql.internal.DdlTypeImpl@6ef17814)
02:51:10.179 DEBUG [restartedMain] [DdlTypeRegistry.java-addDescriptor-64] addDescriptor(4002, org.hibernate.type.descriptor.sql.internal.DdlTypeImpl@272dd705) replaced previous registration(org.hibernate.type.descriptor.sql.internal.DdlTypeImpl@5286bf7d)
02:51:10.179 DEBUG [restartedMain] [DdlTypeRegistry.java-addDescriptor-64] addDescriptor(2004, org.hibernate.type.descriptor.sql.internal.CapacityDependentDdlType@11eaf45c) replaced previous registration(org.hibernate.type.descriptor.sql.internal.DdlTypeImpl@74be1fad)
02:51:10.180 DEBUG [restartedMain] [DdlTypeRegistry.java-addDescriptor-64] addDescriptor(2005, org.hibernate.type.descriptor.sql.internal.CapacityDependentDdlType@3de27bc0) replaced previous registration(org.hibernate.type.descriptor.sql.internal.DdlTypeImpl@5a784656)
02:51:10.180 DEBUG [restartedMain] [DdlTypeRegistry.java-addDescriptor-64] addDescriptor(2011, org.hibernate.type.descriptor.sql.internal.CapacityDependentDdlType@1c761151) replaced previous registration(org.hibernate.type.descriptor.sql.internal.DdlTypeImpl@18b12605)
02:51:10.680 INFO  [restartedMain] [JtaPlatformInitiator.java-initiateService-59] HHH000489: No JTA platform available (set 'hibernate.transaction.jta.platform' to enable JTA platform integration)
02:51:10.861 INFO  [restartedMain] [AbstractEntityManagerFactoryBean.java-buildNativeEntityManagerFactory-447] Initialized JPA EntityManagerFactory for persistence unit 'default'
02:51:11.177 WARN  [restartedMain] [JpaBaseConfiguration.java-openEntityManagerInViewInterceptor-258] spring.jpa.open-in-view is enabled by default. Therefore, database queries may be performed during view rendering. Explicitly configure spring.jpa.open-in-view to disable this warning
02:51:11.302 INFO  [restartedMain] [InitializeUserDetailsBeanManagerConfigurer.java-configure-110] Global AuthenticationManager configured with UserDetailsService bean with name userDetailsServiceImpl
02:51:11.329 INFO  [restartedMain] [SecurityConfig.java-securityFilterChain-38] [ LOCAL ] Security Active
02:51:11.370 WARN  [restartedMain] [CglibAopProxy.java-doValidateClass-296] Unable to proxy interface-implementing method [public final void org.springframework.web.filter.GenericFilterBean.init(jakarta.servlet.FilterConfig) throws jakarta.servlet.ServletException] because it is marked as final, consider using interface-based JDK proxies instead.
02:51:11.379 WARN  [restartedMain] [CglibAopProxy.java-doValidateClass-296] Unable to proxy interface-implementing method [public final void org.springframework.web.filter.GenericFilterBean.init(jakarta.servlet.FilterConfig) throws jakarta.servlet.ServletException] because it is marked as final, consider using interface-based JDK proxies instead.
02:51:11.384 WARN  [restartedMain] [CglibAopProxy.java-doValidateClass-296] Unable to proxy interface-implementing method [public final void org.springframework.web.filter.GenericFilterBean.init(jakarta.servlet.FilterConfig) throws jakarta.servlet.ServletException] because it is marked as final, consider using interface-based JDK proxies instead.
02:51:11.549 INFO  [restartedMain] [OptionalLiveReloadServer.java-startServer-59] LiveReload server is running on port 35729
02:51:11.774 INFO  [restartedMain] [DirectJDKLog.java-log-168] Starting ProtocolHandler ["http-nio-8093"]
02:51:11.785 INFO  [restartedMain] [TomcatWebServer.java-start-243] Tomcat started on port 8093 (http) with context path '/'
02:51:11.789 INFO  [restartedMain] [StartupInfoLogger.java-logStarted-59] Started SupportershighUserBackendApplication in 3.705 seconds (process running for 4.126)
02:51:11.790 INFO  [restartedMain] [StartEventListener.java-onApplicationEvent-17] ApplicationReadyEvent: batch.issueCoupon=OFF
